<?xml version="1.0" encoding="UTF-8"?>
<!-- Generated by org.testng.reporters.JUnitReportReporter -->
<testsuite hostname="Arvind-PC" failures="0" tests="1" name="com.inetBanking.testCases.TC_DeleteAccountTest_008" time="15.108" errors="0" timestamp="2021-07-09T00:02:36 MDT" skipped="0">
  <testcase classname="com.inetBanking.testCases.TC_DeleteAccountTest_008" name="DeleteAccount" time="15.108"/>
  <system-out/>
</testsuite> <!-- com.inetBanking.testCases.TC_DeleteAccountTest_008 -->
