<?xml version="1.0" encoding="UTF-8"?>
<!-- Generated by org.testng.reporters.JUnitReportReporter -->
<testsuite hostname="Arvind-PC" failures="0" tests="1" name="com.inetBanking.testCases.TC_DeleteCustomerTest_005" time="18.794" errors="0" timestamp="2021-06-19T19:52:29 MDT" skipped="0">
  <testcase classname="com.inetBanking.testCases.TC_DeleteCustomerTest_005" name="deleteCustomer" time="18.794"/>
  <system-out/>
</testsuite> <!-- com.inetBanking.testCases.TC_DeleteCustomerTest_005 -->
