<?xml version="1.0" encoding="UTF-8"?>
<!-- Generated by org.testng.reporters.JUnitReportReporter -->
<testsuite hostname="Arvind-PC" failures="0" tests="1" name="com.inetBanking.testCases.TC_EditAccountTest_007" time="21.879" errors="0" timestamp="2021-07-08T23:55:52 MDT" skipped="0">
  <testcase classname="com.inetBanking.testCases.TC_EditAccountTest_007" name="editAccount" time="21.879"/>
  <system-out/>
</testsuite> <!-- com.inetBanking.testCases.TC_EditAccountTest_007 -->
