<?xml version="1.0" encoding="UTF-8"?>
<!-- Generated by org.testng.reporters.JUnitReportReporter -->
<testsuite hostname="Arvind-PC" failures="0" tests="1" name="com.inetBanking.testCases.TC_AddEditAccountTest_007" time="15.990" errors="0" timestamp="2021-07-08T23:23:38 MDT" skipped="0">
  <testcase classname="com.inetBanking.testCases.TC_AddEditAccountTest_007" name="addEditAccount" time="15.990"/>
  <system-out/>
</testsuite> <!-- com.inetBanking.testCases.TC_AddEditAccountTest_007 -->
