<?xml version="1.0" encoding="UTF-8"?>
<!-- Generated by org.testng.reporters.JUnitReportReporter -->
<testsuite hostname="Arvind-PC" failures="0" tests="1" name="com.inetBanking.testCases.TC_AddCustomerTest_003" time="28.335" errors="0" timestamp="2022-09-15T12:44:38 MDT" skipped="0">
  <testcase classname="com.inetBanking.testCases.TC_AddCustomerTest_003" name="addNewCustomer" time="28.335"/>
  <system-out/>
</testsuite> <!-- com.inetBanking.testCases.TC_AddCustomerTest_003 -->
