<?xml version="1.0" encoding="UTF-8"?>
<!-- Generated by org.testng.reporters.JUnitReportReporter -->
<testsuite hostname="Arvind-PC" failures="0" tests="1" name="com.inetBanking.testCases.TC_AddNewAccountTest_006" time="12.371" errors="0" timestamp="2021-09-14T23:08:00 MDT" skipped="0">
  <testcase classname="com.inetBanking.testCases.TC_AddNewAccountTest_006" name="addNewAccount" time="12.371"/>
  <system-out/>
</testsuite> <!-- com.inetBanking.testCases.TC_AddNewAccountTest_006 -->
